{
  "uid" : "49e863729b8bbeea",
  "name" : "test_sum2[4-7-10]",
  "fullName" : "testcases.test_example.Test_Data#test_sum2",
  "historyId" : "894969370444bd15910f80d79b79e6d6",
  "time" : {
    "start" : 1615691500731,
    "stop" : 1615691500732,
    "duration" : 1
  },
  "status" : "failed",
  "statusMessage" : "AssertionError: assert 11 == 10\n +  where 11 = sum(4, 7)",
  "statusTrace" : "self = <testcases.test_example.Test_Data object at 0x03B3A790>, x = 4, y = 7\nz = 10\n\n    @pytest.mark.parametrize('x,y,z',params)\n    def test_sum2(self,x,y,z):\n>       assert sum(x,y)==z\nE       assert 11 == 10\nE        +  where 11 = sum(4, 7)\n\ntestcases\\test_example.py:23: AssertionError",
  "flaky" : false,
  "newFailed" : false,
  "beforeStages" : [ ],
  "afterStages" : [ ],
  "labels" : [ {
    "name" : "parentSuite",
    "value" : "testcases"
  }, {
    "name" : "suite",
    "value" : "test_example"
  }, {
    "name" : "subSuite",
    "value" : "Test_Data"
  }, {
    "name" : "host",
    "value" : "NO-47"
  }, {
    "name" : "thread",
    "value" : "9988-MainThread"
  }, {
    "name" : "framework",
    "value" : "pytest"
  }, {
    "name" : "language",
    "value" : "cpython3"
  }, {
    "name" : "package",
    "value" : "testcases.test_example"
  }, {
    "name" : "resultFormat",
    "value" : "allure2"
  } ],
  "parameters" : [ {
    "name" : "x",
    "value" : "4"
  }, {
    "name" : "y",
    "value" : "7"
  }, {
    "name" : "z",
    "value" : "10"
  } ],
  "links" : [ ],
  "hidden" : false,
  "retry" : false,
  "extra" : {
    "severity" : "normal",
    "retries" : [ {
      "uid" : "c9858926acbecce",
      "status" : "failed",
      "statusDetails" : "AssertionError: assert 11 == 10\n +  where 11 = sum(4, 7)",
      "time" : {
        "start" : 1615691301082,
        "stop" : 1615691301083,
        "duration" : 1
      }
    }, {
      "uid" : "abb52c84848dc54",
      "status" : "failed",
      "statusDetails" : "AssertionError: assert 11 == 10\n +  where 11 = sum(4, 7)",
      "time" : {
        "start" : 1615688622743,
        "stop" : 1615688622744,
        "duration" : 1
      }
    }, {
      "uid" : "66da8f190df23dda",
      "status" : "failed",
      "statusDetails" : "AssertionError: assert 11 == 10\n +  where 11 = sum(4, 7)",
      "time" : {
        "start" : 1615688380740,
        "stop" : 1615688380741,
        "duration" : 1
      }
    } ],
    "categories" : [ {
      "name" : "Product defects",
      "matchedStatuses" : [ ],
      "flaky" : false
    } ],
    "tags" : [ ]
  },
  "source" : "49e863729b8bbeea.json",
  "parameterValues" : [ "4", "7", "10" ]
}